<?xml version="1.0" encoding="UTF-8" standalone="no"?>
<testsuite errors="0" failures="1" name="io.cucumber.core.plugin.JUnitFormatter" skipped="0" tests="3" time="129.365">
    <testcase classname="Subcategories" name="Add to cart" time="27.118">
        <failure message="element not interactable&#10;  (Session info: chrome=99.0.4844.74)&#10;Build info: version: '4.0.0', revision: '3a21814679'&#10;System info: host: 'DESKTOP-CVRR6RD', ip: '192.168.1.42', os.name: 'Windows 10', os.arch: 'amd64', os.version: '10.0', java.version: '11.0.9'&#10;Driver info: org.openqa.selenium.chrome.ChromeDriver&#10;Command: [31f481ea385afe84955a6b13bd0ee6a0, sendKeysToElement {id=22e418ad-6bc6-417d-a53c-09c5b0f6ffdc, value=[Ljava.lang.CharSequence;@2accaec2}]&#10;Capabilities {acceptInsecureCerts: false, browserName: chrome, browserVersion: 99.0.4844.74, chrome: {chromedriverVersion: 99.0.4844.51 (d537ec02474b5..., userDataDir: C:\Users\niluf\AppData\Loca...}, goog:chromeOptions: {debuggerAddress: localhost:60626}, javascriptEnabled: true, networkConnectionEnabled: false, pageLoadStrategy: normal, platform: WINDOWS, platformName: WINDOWS, proxy: Proxy(), se:cdp: ws://localhost:60626/devtoo..., se:cdpVersion: 99.0.4844.74, setWindowRect: true, strictFileInteractability: false, timeouts: {implicit: 0, pageLoad: 300000, script: 30000}, unhandledPromptBehavior: dismiss and notify, webauthn:extension:credBlob: true, webauthn:extension:largeBlob: true, webauthn:virtualAuthenticators: true}&#10;Element: [[ChromeDriver: chrome on WINDOWS (31f481ea385afe84955a6b13bd0ee6a0)] -&gt; id: global-enhancements-search-query]&#10;Session ID: 31f481ea385afe84955a6b13bd0ee6a0" type="org.openqa.selenium.ElementNotInteractableException">
            <![CDATA[Given user goes to base url.................................................passed
And user clicks to sign in button...........................................passed
And user clicks email area and enters valid email adress....................passed
And user enters valid password..............................................passed
And user clicks sign in.....................................................passed
And clicks search text area and sends "samsung" for searching...............failed
And user selects first item listed..........................................skipped
And user Verifies that the properties of the selected item are displayed....skipped
And user clicks add to cart button..........................................skipped
And ser confirms that the product is in the cart............................skipped

StackTrace:
org.openqa.selenium.ElementNotInteractableException: element not interactable
  (Session info: chrome=99.0.4844.74)
Build info: version: '4.0.0', revision: '3a21814679'
System info: host: 'DESKTOP-CVRR6RD', ip: '192.168.1.42', os.name: 'Windows 10', os.arch: 'amd64', os.version: '10.0', java.version: '11.0.9'
Driver info: org.openqa.selenium.chrome.ChromeDriver
Command: [31f481ea385afe84955a6b13bd0ee6a0, sendKeysToElement {id=22e418ad-6bc6-417d-a53c-09c5b0f6ffdc, value=[Ljava.lang.CharSequence;@2accaec2}]
Capabilities {acceptInsecureCerts: false, browserName: chrome, browserVersion: 99.0.4844.74, chrome: {chromedriverVersion: 99.0.4844.51 (d537ec02474b5..., userDataDir: C:\Users\niluf\AppData\Loca...}, goog:chromeOptions: {debuggerAddress: localhost:60626}, javascriptEnabled: true, networkConnectionEnabled: false, pageLoadStrategy: normal, platform: WINDOWS, platformName: WINDOWS, proxy: Proxy(), se:cdp: ws://localhost:60626/devtoo..., se:cdpVersion: 99.0.4844.74, setWindowRect: true, strictFileInteractability: false, timeouts: {implicit: 0, pageLoad: 300000, script: 30000}, unhandledPromptBehavior: dismiss and notify, webauthn:extension:credBlob: true, webauthn:extension:largeBlob: true, webauthn:virtualAuthenticators: true}
Element: [[ChromeDriver: chrome on WINDOWS (31f481ea385afe84955a6b13bd0ee6a0)] -> id: global-enhancements-search-query]
Session ID: 31f481ea385afe84955a6b13bd0ee6a0
	at java.base/jdk.internal.reflect.NativeConstructorAccessorImpl.newInstance0(Native Method)
	at java.base/jdk.internal.reflect.NativeConstructorAccessorImpl.newInstance(NativeConstructorAccessorImpl.java:62)
	at java.base/jdk.internal.reflect.DelegatingConstructorAccessorImpl.newInstance(DelegatingConstructorAccessorImpl.java:45)
	at java.base/java.lang.reflect.Constructor.newInstance(Constructor.java:490)
	at org.openqa.selenium.remote.codec.w3c.W3CHttpResponseCodec.createException(W3CHttpResponseCodec.java:200)
	at org.openqa.selenium.remote.codec.w3c.W3CHttpResponseCodec.decode(W3CHttpResponseCodec.java:133)
	at org.openqa.selenium.remote.codec.w3c.W3CHttpResponseCodec.decode(W3CHttpResponseCodec.java:53)
	at org.openqa.selenium.remote.HttpCommandExecutor.execute(HttpCommandExecutor.java:184)
	at org.openqa.selenium.remote.service.DriverCommandExecutor.invokeExecute(DriverCommandExecutor.java:164)
	at org.openqa.selenium.remote.service.DriverCommandExecutor.execute(DriverCommandExecutor.java:139)
	at org.openqa.selenium.remote.RemoteWebDriver.execute(RemoteWebDriver.java:559)
	at org.openqa.selenium.remote.RemoteWebElement.execute(RemoteWebElement.java:251)
	at org.openqa.selenium.remote.RemoteWebElement.sendKeys(RemoteWebElement.java:107)
	at java.base/jdk.internal.reflect.NativeMethodAccessorImpl.invoke0(Native Method)
	at java.base/jdk.internal.reflect.NativeMethodAccessorImpl.invoke(NativeMethodAccessorImpl.java:62)
	at java.base/jdk.internal.reflect.DelegatingMethodAccessorImpl.invoke(DelegatingMethodAccessorImpl.java:43)
	at java.base/java.lang.reflect.Method.invoke(Method.java:566)
	at org.openqa.selenium.support.pagefactory.internal.LocatingElementHandler.invoke(LocatingElementHandler.java:52)
	at com.sun.proxy.$Proxy21.sendKeys(Unknown Source)
	at stepDefinition.TC02StepDef.clicksSearchTextAreaAndSendsForSearching(TC02StepDef.java:19)
	at âœ½.clicks search text area and sends "samsung" for searching(file:///C:/Users/niluf/IdeaProjects/CapstoneProject/src/test/resources/TC06.feature:9)
]]>
        </failure>
    </testcase>
    <testcase classname="Verify links" name="Check links are correct" time="88.527">
        <system-out>
            <![CDATA[Given user goes to base url.................................................passed
And user verifies the title.................................................passed
And user selects submenus and checks the correctness of their titles........passed
]]>
        </system-out>
    </testcase>
    <testcase classname="Location test" name="user should be able to change region and language settings" time="12.744">
        <system-out>
            <![CDATA[Given user goes to base url.................................................passed
And user clicks the region settings.........................................passed
And user selects region "Turkey"............................................passed
And user selects Language "English (US)"....................................passed
And user selects Currency "TRY".............................................passed
Then user verifies that the page is loaded with the correct region option "TL".passed
]]>
        </system-out>
    </testcase>
</testsuite>
